{
  "stats": {
    "suites": 1,
    "tests": 1,
    "passes": 1,
    "pending": 0,
    "failures": 0,
    "start": "2024-10-07T12:33:03.425Z",
    "end": "2024-10-07T12:33:25.341Z",
    "duration": 21916,
    "testsRegistered": 1,
    "passPercent": 100,
    "pendingPercent": 0,
    "other": 0,
    "hasOther": false,
    "skipped": 0,
    "hasSkipped": false
  },
  "results": [
    {
      "uuid": "d522ce2d-228a-4b06-a33d-2cd44b5aa24c",
      "title": "",
      "fullFile": "cypress/integration/Favorite.feature",
      "file": "cypress/integration/Favorite.feature",
      "beforeHooks": [],
      "afterHooks": [],
      "tests": [],
      "suites": [
        {
          "uuid": "8f30f516-fa64-4df9-b496-13d52b4ed588",
          "title": "Favorite Page Functionality",
          "fullFile": "",
          "file": "",
          "beforeHooks": [],
          "afterHooks": [],
          "tests": [
            {
              "title": "Favorite Page visiblity",
              "fullTitle": "Favorite Page Functionality Favorite Page visiblity",
              "timedOut": null,
              "duration": 21854,
              "state": "passed",
              "speed": "slow",
              "pass": true,
              "fail": false,
              "pending": false,
              "context": null,
              "code": "const state = window.testState;\nreturn cy\n  .then(() => state.onStartScenario(scenario, indexedSteps))\n  .then(() =>\n    resolveAndRunBeforeHooks.call(this, scenario.tags, state.feature.name)\n  )\n  .then(() =>\n    indexedSteps.forEach((step) =>\n      stepTest.call(this, state, step, rowData)\n    )\n  )\n  .then(() => state.onFinishScenario(scenario));",
              "err": {},
              "uuid": "4797b688-0e41-499e-bca5-56de128a11b6",
              "parentUUID": "8f30f516-fa64-4df9-b496-13d52b4ed588",
              "isHook": false,
              "skipped": false
            }
          ],
          "suites": [],
          "passes": [
            "4797b688-0e41-499e-bca5-56de128a11b6"
          ],
          "failures": [],
          "pending": [],
          "skipped": [],
          "duration": 21854,
          "root": false,
          "rootEmpty": false,
          "_timeout": 2000
        }
      ],
      "passes": [],
      "failures": [],
      "pending": [],
      "skipped": [],
      "duration": 0,
      "root": true,
      "rootEmpty": true,
      "_timeout": 2000
    }
  ],
  "meta": {
    "mocha": {
      "version": "7.0.1"
    },
    "mochawesome": {
      "options": {
        "quiet": false,
        "reportFilename": "Report",
        "saveHtml": false,
        "saveJson": true,
        "consoleReporter": "spec",
        "useInlineDiffs": false,
        "code": true
      },
      "version": "7.1.3"
    },
    "marge": {
      "options": {
        "reportDir": "cypress/report/.jsons",
        "saveHtml": true,
        "reportPageTitle": "Legrande Cypress",
        "reportFilename": "Report",
        "embeddedScreenshots": true,
        "inlineAssets": true,
        "overwrite": false,
        "html": false,
        "json": true
      },
      "version": "6.2.0"
    }
  }
}