{
  "stats": {
    "suites": 1,
    "tests": 1,
    "passes": 1,
    "pending": 0,
    "failures": 0,
    "start": "2024-10-07T12:30:52.056Z",
    "end": "2024-10-07T12:32:29.467Z",
    "duration": 97411,
    "testsRegistered": 1,
    "passPercent": 100,
    "pendingPercent": 0,
    "other": 0,
    "hasOther": false,
    "skipped": 0,
    "hasSkipped": false
  },
  "results": [
    {
      "uuid": "0be61c92-aabf-49d7-a01e-429d3b54c55a",
      "title": "",
      "fullFile": "cypress/integration/Buildings.feature",
      "file": "cypress/integration/Buildings.feature",
      "beforeHooks": [],
      "afterHooks": [],
      "tests": [],
      "suites": [
        {
          "uuid": "33be2145-7392-4393-99ed-3dd46b901362",
          "title": "Building Page Functionality",
          "fullFile": "",
          "file": "",
          "beforeHooks": [],
          "afterHooks": [],
          "tests": [
            {
              "title": "Adding,Update,add more filter, Clear filter and Search,View Details and Delete new Buildings",
              "fullTitle": "Building Page Functionality Adding,Update,add more filter, Clear filter and Search,View Details and Delete new Buildings",
              "timedOut": null,
              "duration": 97274,
              "state": "passed",
              "speed": "slow",
              "pass": true,
              "fail": false,
              "pending": false,
              "context": null,
              "code": "const state = window.testState;\nreturn cy\n  .then(() => state.onStartScenario(scenario, indexedSteps))\n  .then(() =>\n    resolveAndRunBeforeHooks.call(this, scenario.tags, state.feature.name)\n  )\n  .then(() =>\n    indexedSteps.forEach((step) =>\n      stepTest.call(this, state, step, rowData)\n    )\n  )\n  .then(() => state.onFinishScenario(scenario));",
              "err": {},
              "uuid": "d10d6772-e0e2-49a0-ae56-20f4466c3a5f",
              "parentUUID": "33be2145-7392-4393-99ed-3dd46b901362",
              "isHook": false,
              "skipped": false
            }
          ],
          "suites": [],
          "passes": [
            "d10d6772-e0e2-49a0-ae56-20f4466c3a5f"
          ],
          "failures": [],
          "pending": [],
          "skipped": [],
          "duration": 97274,
          "root": false,
          "rootEmpty": false,
          "_timeout": 2000
        }
      ],
      "passes": [],
      "failures": [],
      "pending": [],
      "skipped": [],
      "duration": 0,
      "root": true,
      "rootEmpty": true,
      "_timeout": 2000
    }
  ],
  "meta": {
    "mocha": {
      "version": "7.0.1"
    },
    "mochawesome": {
      "options": {
        "quiet": false,
        "reportFilename": "Report",
        "saveHtml": false,
        "saveJson": true,
        "consoleReporter": "spec",
        "useInlineDiffs": false,
        "code": true
      },
      "version": "7.1.3"
    },
    "marge": {
      "options": {
        "reportDir": "cypress/report/.jsons",
        "saveHtml": true,
        "reportPageTitle": "Legrande Cypress",
        "reportFilename": "Report",
        "embeddedScreenshots": true,
        "inlineAssets": true,
        "overwrite": false,
        "html": false,
        "json": true
      },
      "version": "6.2.0"
    }
  }
}