{
  "stats": {
    "suites": 1,
    "tests": 1,
    "passes": 0,
    "pending": 0,
    "failures": 1,
    "start": "2024-10-07T12:32:31.634Z",
    "end": "2024-10-07T12:33:01.391Z",
    "duration": 29757,
    "testsRegistered": 1,
    "passPercent": 0,
    "pendingPercent": 0,
    "other": 0,
    "hasOther": false,
    "skipped": 0,
    "hasSkipped": false
  },
  "results": [
    {
      "uuid": "7d23b3bf-9658-4d53-b6c9-b44a34b8dcdb",
      "title": "",
      "fullFile": "cypress/integration/DeviceRepairReport.feature",
      "file": "cypress/integration/DeviceRepairReport.feature",
      "beforeHooks": [],
      "afterHooks": [],
      "tests": [],
      "suites": [
        {
          "uuid": "3bb64c0a-7f99-46ce-8e09-2f5d90c5be90",
          "title": "DeviceRepairReport Page Functionality",
          "fullFile": "",
          "file": "",
          "beforeHooks": [],
          "afterHooks": [],
          "tests": [
            {
              "title": "Device Repair history -Search with Ticket no and Non warranty Repair",
              "fullTitle": "DeviceRepairReport Page Functionality Device Repair history -Search with Ticket no and Non warranty Repair",
              "timedOut": null,
              "duration": 29702,
              "state": "failed",
              "speed": null,
              "pass": false,
              "fail": true,
              "pending": false,
              "context": "{\n  \"title\": \"cypress-mochawesome-reporter-screenshots\",\n  \"value\": [\n    [\n      \"/DeviceRepairReport.feature/DeviceRepairReport Page Functionality -- Device Repair history -Search with Ticket no and Non warranty Repair (failed).png\"\n    ]\n  ]\n}",
              "code": "const state = window.testState;\nreturn cy\n  .then(() => state.onStartScenario(scenario, indexedSteps))\n  .then(() =>\n    resolveAndRunBeforeHooks.call(this, scenario.tags, state.feature.name)\n  )\n  .then(() =>\n    indexedSteps.forEach((step) =>\n      stepTest.call(this, state, step, rowData)\n    )\n  )\n  .then(() => state.onFinishScenario(scenario));",
              "err": {
                "message": "AssertionError: Timed out retrying after 4000ms: Expected to find content: 'Dismiss' within the element: <button.MuiButtonBase-root.MuiButton-root.MuiButton-contained.MuiButton-containedPrimary.MuiButton-sizeMedium.MuiButton-containedSizeMedium.MuiButton-colorPrimary.MuiButton-root.MuiButton-contained.MuiButton-containedPrimary.MuiButton-sizeMedium.MuiButton-containedSizeMedium.MuiButton-colorPrimary.css-t0tdkm> but never did.",
                "estack": "AssertionError: Timed out retrying after 4000ms: Expected to find content: 'Dismiss' within the element: <button.MuiButtonBase-root.MuiButton-root.MuiButton-contained.MuiButton-containedPrimary.MuiButton-sizeMedium.MuiButton-containedSizeMedium.MuiButton-colorPrimary.MuiButton-root.MuiButton-contained.MuiButton-containedPrimary.MuiButton-sizeMedium.MuiButton-containedSizeMedium.MuiButton-colorPrimary.css-t0tdkm> but never did.\n    at ReportCenterActions.closeTermsOfServiceWindow (cypress/integration/PageObject/PageActions/ReportCenterActions.js:12:28)\n    at Context.eval (cypress/integration/DeviceRepairReport/DeviceRepairReport.spec.js:17:9)\n    at Context.resolveAndRunStepDefinition (node_modules/cypress-cucumber-preprocessor/lib/resolveStepDefinition.js:193:0)\n    at Context.eval (node_modules/cypress-cucumber-preprocessor/lib/createTestFromScenario.js:27:0)",
                "diff": null
              },
              "uuid": "3ea3e03f-9e9c-4b75-bb49-d784afff5ebe",
              "parentUUID": "3bb64c0a-7f99-46ce-8e09-2f5d90c5be90",
              "isHook": false,
              "skipped": false
            }
          ],
          "suites": [],
          "passes": [],
          "failures": [
            "3ea3e03f-9e9c-4b75-bb49-d784afff5ebe"
          ],
          "pending": [],
          "skipped": [],
          "duration": 29702,
          "root": false,
          "rootEmpty": false,
          "_timeout": 2000
        }
      ],
      "passes": [],
      "failures": [],
      "pending": [],
      "skipped": [],
      "duration": 0,
      "root": true,
      "rootEmpty": true,
      "_timeout": 2000
    }
  ],
  "meta": {
    "mocha": {
      "version": "7.0.1"
    },
    "mochawesome": {
      "options": {
        "quiet": false,
        "reportFilename": "Report",
        "saveHtml": false,
        "saveJson": true,
        "consoleReporter": "spec",
        "useInlineDiffs": false,
        "code": true
      },
      "version": "7.1.3"
    },
    "marge": {
      "options": {
        "reportDir": "cypress/report/.jsons",
        "saveHtml": true,
        "reportPageTitle": "Legrande Cypress",
        "reportFilename": "Report",
        "embeddedScreenshots": true,
        "inlineAssets": true,
        "overwrite": false,
        "html": false,
        "json": true
      },
      "version": "6.2.0"
    }
  }
}